<?xml version="1.0" encoding="UTF-8"?>
<!-- Generated by org.testng.reporters.JUnitXMLReporter -->
<testsuite ignored="0" hostname="LAPTOP-9NAQOFVC" failures="0" tests="2" name="Default test" time="12.315" errors="0" timestamp="2024-04-27T23:41:09 IST">
  <testcase classname="testcases.VerifyLoginTestCases" name="verifyRegistrationWithInvalidData" time="1.102"/>
  <testcase classname="testcases.VerifyLoginTestCases" name="verifyRegistrationWithValidData" time="2.001"/>
</testsuite> <!-- Default test -->
