<?xml version="1.0" encoding="UTF-8"?>
<testng-results ignored="0" total="1" passed="1" failed="0" skipped="0">
  <reporter-output>
  </reporter-output>
  <suite started-at="2024-04-30T07:27:48 IST" name="Default suite" finished-at="2024-04-30T07:27:55 IST" duration-ms="6901">
    <groups>
    </groups>
    <test started-at="2024-04-30T07:27:48 IST" name="Default test" finished-at="2024-04-30T07:27:55 IST" duration-ms="6901">
      <class name="testcases.AddingProductToCart">
        <test-method is-config="true" signature="launchBrowserandUrl()[pri:0, instance:testcases.AddingProductToCart@7722c3c3]" started-at="2024-04-30T07:27:48 IST" name="launchBrowserandUrl" finished-at="2024-04-30T07:27:52 IST" duration-ms="4228" status="PASS">
          <reporter-output>
          </reporter-output>
        </test-method> <!-- launchBrowserandUrl -->
        <test-method signature="AddingNewProductToCart()[pri:0, instance:testcases.AddingProductToCart@7722c3c3]" started-at="2024-04-30T07:27:52 IST" name="AddingNewProductToCart" finished-at="2024-04-30T07:27:55 IST" duration-ms="2536" status="PASS">
          <reporter-output>
          </reporter-output>
        </test-method> <!-- AddingNewProductToCart -->
      </class> <!-- testcases.AddingProductToCart -->
    </test> <!-- Default test -->
  </suite> <!-- Default suite -->
</testng-results>
